<?xml version="1.0" encoding="UTF-8"?>
<!-- Generated by org.testng.reporters.JUnitXMLReporter -->
<testsuite ignored="0" hostname="DML-AFortuin" failures="0" tests="3" name="Default test" time="0.038" errors="0" timestamp="2021-10-21T17:18:07 SAST">
  <testcase classname="loans.HomeLoans1" name="firstTest" time="0.004"/>
  <testcase classname="loans.HomeLoans1" name="homeLoanFraudTest" time="0.001"/>
  <testcase classname="loans.HomeLoans1" name="secondTest" time="0.001"/>
</testsuite> <!-- Default test -->
