<?xml version="1.0" encoding="UTF-8"?>
<!-- Generated by org.testng.reporters.JUnitXMLReporter -->
<testsuite ignored="0" hostname="DML-AFortuin" failures="0" tests="10" name="Test" time="0.067" errors="0" timestamp="2021-10-11T16:43:17 SAST">
  <testcase classname="loans.HomeLoans1" name="firstTest" time="0.014"/>
  <testcase classname="loans.HomeLoans1" name="secondTest" time="0.001"/>
  <testcase classname="loans.HomeLoans2" name="fourthTest" time="0.001"/>
  <testcase classname="loans.HomeLoans2" name="thirdTest" time="0.001"/>
  <testcase classname="loans.PersonalLoans1" name="fifthTest" time="0.001"/>
  <testcase classname="loans.PersonalLoans1" name="sixthTest" time="0.0"/>
  <testcase classname="loans.PersonalLoans2" name="eigthTest" time="0.0"/>
  <testcase classname="loans.PersonalLoans2" name="seventhTest" time="0.001"/>
  <testcase classname="loans.VehicleLoans" name="ninthTest" time="0.001"/>
  <testcase classname="loans.VehicleLoans" name="tenthTest" time="0.001"/>
</testsuite> <!-- Test -->
