<?xml version="1.0" encoding="UTF-8"?>
<!-- Generated by org.testng.reporters.JUnitXMLReporter -->
<testsuite ignored="0" hostname="DML-AFortuin" failures="0" tests="6" name="Command line test" time="0.032" errors="0" timestamp="2021-10-14T17:05:53 SAST">
  <testcase classname="inspiredAcademy.RestAssuredTest" name="deleteTwitter" time="0.003"/>
  <testcase classname="inspiredAcademy.RestAssuredTest" name="postJira" time="0.0"/>
  <testcase classname="inspiredAcademy.AppiumTest" name="IOSApps" time="0.0"/>
  <testcase classname="inspiredAcademy.AppiumTest" name="NativeAndroid" time="0.0"/>
  <testcase classname="inspiredAcademy.SeleniumTest" name="BrowserAutomation" time="0.001"/>
  <testcase classname="inspiredAcademy.SeleniumTest" name="elementsUI" time="0.0"/>
</testsuite> <!-- Command line test -->
