<?xml version="1.0" encoding="UTF-8"?>
<!-- Generated by org.testng.reporters.JUnitXMLReporter -->
<testsuite ignored="2" hostname="DML-AFortuin" failures="0" tests="5" name="Personal Loans" time="0.013" errors="0" timestamp="2021-10-21T17:22:09 SAST">
  <testcase classname="loans.PersonalLoans1" name="personalLoanFraudTest" time="0.001"/>
  <testcase classname="loans.PersonalLoans1" name="personalLoanFraudTest" time="0.001"/>
  <testcase classname="loans.PersonalLoans1" name="personalLoanFraudTest" time="0.0"/>
  <testcase classname="loans.PersonalLoans2" name="eigthTest" time="0.001"/>
  <testcase classname="loans.PersonalLoans2" name="seventhTest" time="0.0"/>
  <testcase classname="loans.PersonalLoans1" name="fifthTest" time="0.0">
    <ignored/>
  </testcase> <!-- fifthTest -->
  <testcase classname="loans.PersonalLoans1" name="sixthTest" time="0.0">
    <ignored/>
  </testcase> <!-- sixthTest -->
</testsuite> <!-- Personal Loans -->
