<?xml version="1.0" encoding="UTF-8"?>
<testng-results ignored="0" total="2" passed="2" failed="0" skipped="0">
  <reporter-output>
  </reporter-output>
  <suite started-at="2021-10-25T15:27:24 SAST" name="Suite" finished-at="2021-10-25T15:27:24 SAST" duration-ms="29">
    <groups>
    </groups>
    <test started-at="2021-10-25T15:27:24 SAST" name="Test" finished-at="2021-10-25T15:27:24 SAST" duration-ms="29">
      <class name="inspiredAcademy.SeleniumTest">
        <test-method signature="BrowserAutomation()[pri:0, instance:inspiredAcademy.SeleniumTest@14a2f921]" started-at="2021-10-25T15:27:24 SAST" name="BrowserAutomation" finished-at="2021-10-25T15:27:24 SAST" duration-ms="3" status="PASS">
          <reporter-output>
          </reporter-output>
        </test-method> <!-- BrowserAutomation -->
        <test-method signature="elementsUI()[pri:0, instance:inspiredAcademy.SeleniumTest@14a2f921]" started-at="2021-10-25T15:27:24 SAST" name="elementsUI" finished-at="2021-10-25T15:27:24 SAST" duration-ms="0" status="PASS">
          <reporter-output>
          </reporter-output>
        </test-method> <!-- elementsUI -->
      </class> <!-- inspiredAcademy.SeleniumTest -->
    </test> <!-- Test -->
  </suite> <!-- Suite -->
</testng-results>
